added manifest
adding: .DS_Store(in = 10244) (out= 833)(deflated 91%)
adding: components/(in = 0) (out= 0)(stored 0%)
adding: components/Board.java(in = 10837) (out= 2703)(deflated 75%)
adding: components/Coordinate.java(in = 885) (out= 327)(deflated 63%)
adding: components/Ship.java(in = 1245) (out= 381)(deflated 69%)
adding: game/(in = 0) (out= 0)(stored 0%)
adding: game/Game.java(in = 783) (out= 415)(deflated 46%)
adding: game/GameController.java(in = 7544) (out= 2059)(deflated 72%)
adding: game/StartMenu.java(in = 4911) (out= 1465)(deflated 70%)
adding: game_jar.err(in = 0) (out= 0)(stored 0%)
adding: game_jar.out(in = 616) (out= 237)(deflated 61%)
adding: game_javac.err(in = 227) (out= 157)(deflated 30%)
adding: game_javac.out(in = 0) (out= 0)(stored 0%)
adding: main.bat(in = 2832) (out= 853)(deflated 69%)
adding: Main.java(in = 467) (out= 259)(deflated 44%)
adding: resource/(in = 0) (out= 0)(stored 0%)
adding: resource/audio.wav(in = 3968632) (out= 3634132)(deflated 8%)
adding: resource/bg.png(in = 4133596) (out= 4134290)(deflated 0%)
adding: resource/logic.txt(in = 1165) (out= 522)(deflated 55%)
adding: resource/logo.png(in = 5076) (out= 5081)(deflated 0%)
adding: resource/txt_English.txt(in = 49) (out= 49)(deflated 0%)
adding: resource/txt_French.txt(in = 68) (out= 68)(deflated 0%)
adding: resource/txt_Português.txt(in = 66) (out= 67)(deflated -1%)
